9.999999747378752e-06
9.999999747378752e-06
9.999999747378752e-06
9.999999747378752e-06
9.999999747378752e-06
9.999999747378752e-06
9.999999747378752e-06
9.999999747378752e-06
9.999999747378752e-06
9.999999747378752e-06
9.999999747378752e-06
9.999999747378752e-06
9.999999747378752e-06
9.999999747378752e-06
9.999999747378752e-06
9.999999747378752e-06
9.999999747378752e-06
9.999999747378752e-06
9.999999747378752e-06
9.999999747378752e-06
9.999999747378752e-06
9.999999747378752e-06
9.999999747378752e-06
9.999999747378752e-06
9.999999747378752e-06
9.999999747378752e-06
9.999999747378752e-06
9.999999747378752e-06
9.999999747378752e-06
9.999999747378752e-06
