0.8694848418235779 0.8377112150192261
0.8171716332435608 0.8008953928947449
0.7863689064979553 0.7728826999664307
0.7637373208999634 0.7509713768959045
0.7431856989860535 0.7303273677825928
0.7226318120956421 0.7116694450378418
0.7038534283638 0.6924105882644653
0.6849320530891418 0.6745609045028687
0.6679180264472961 0.6578017473220825
0.6530542969703674 0.6426283121109009
0.6419786214828491 0.630465030670166
0.6296879649162292 0.619259238243103
0.622540295124054 0.6091459393501282
0.6055886745452881 0.5995668172836304
0.5969634652137756 0.591016411781311
0.589135468006134 0.5839799046516418
0.5831292271614075 0.5777990221977234
0.5780589580535889 0.5725623965263367
0.5720106363296509 0.5676682591438293
0.5666115283966064 0.5633133053779602
0.5634657144546509 0.5591040253639221
0.5597120523452759 0.5561242699623108
0.55757075548172 0.556100070476532
0.5554983019828796 0.5533359050750732
0.5623569488525391 0.5522140860557556
0.554074764251709 0.5510170459747314
0.5571155548095703 0.5485021471977234
0.5504845976829529 0.5471071004867554
0.5496565103530884 0.5460140705108643
0.5482572317123413 0.5450864434242249
